{
  "RSpec": {
    "coverage": {
      "/Users/davidmaurer/turing/turing_projects/module4/idea_box_2_js/app/helpers/api/v1/ideas_helper.rb": [
        1,
        null
      ],
      "/Users/davidmaurer/turing/turing_projects/module4/idea_box_2_js/app/helpers/application_helper.rb": [
        1,
        null
      ],
      "/Users/davidmaurer/turing/turing_projects/module4/idea_box_2_js/app/helpers/site_helper.rb": [
        1,
        null
      ],
      "/Users/davidmaurer/turing/turing_projects/module4/idea_box_2_js/app/models/idea.rb": [
        1,
        1,
        null,
        1,
        null,
        1,
        6,
        3,
        null,
        3,
        null,
        null,
        null,
        1,
        6,
        3,
        null,
        3,
        null,
        null,
        null
      ],
      "/Users/davidmaurer/turing/turing_projects/module4/idea_box_2_js/app/controllers/site_controller.rb": [
        1,
        null
      ],
      "/Users/davidmaurer/turing/turing_projects/module4/idea_box_2_js/app/controllers/application_controller.rb": [
        1,
        null,
        null,
        1,
        null
      ],
      "/Users/davidmaurer/turing/turing_projects/module4/idea_box_2_js/app/controllers/api/v1/ideas_controller.rb": [
        1,
        1,
        null,
        1,
        12,
        null,
        null,
        1,
        3,
        null,
        null,
        1,
        1,
        null,
        null,
        1,
        2,
        null,
        null,
        1,
        6,
        6,
        6,
        null,
        null,
        1,
        6,
        6,
        6,
        null,
        null,
        1,
        null,
        1,
        4,
        null,
        null
      ]
    },
    "timestamp": 1449697915
  }
}
